This is XeTeX, Version 3.14159265-2.6-0.99999 (TeX Live 2018/W32TeX) (preloaded format=xelatex 2018.8.12)  16 JAN 2020 13:03
entering extended mode
 restricted \write18 enabled.
 %&-line parsing enabled.
**CSUBachelor.cls
(./CSUBachelor.cls
LaTeX2e <2018-04-01> patch level 2
Babel <3.18> and hyphenation patterns for 84 language(s) loaded.

LaTeX Warning: You have requested package `',
               but the package provides `CSUBachelor'.

Package: CSUBachelor 2020/01/13 1.0 Zhongnan University Thesis Template for Bac
helor Degree
(e:/texlive/2018/texmf-dist/tex/latex/ctex/ctexbook.cls
(e:/texlive/2018/texmf-dist/tex/latex/l3kernel/expl3.sty
Package: expl3 2018/03/05 L3 programming layer (loader) 

(e:/texlive/2018/texmf-dist/tex/latex/l3kernel/expl3-code.tex
Package: expl3 2018/03/05 L3 programming layer (code)
\c_max_int=\count80
\l_tmpa_int=\count81
\l_tmpb_int=\count82
\g_tmpa_int=\count83
\g_tmpb_int=\count84
\g__intarray_font_int=\count85
\g__prg_map_int=\count86
\c_log_iow=\count87
\l_iow_line_count_int=\count88
\l__iow_line_target_int=\count89
\l__iow_one_indent_int=\count90
\l__iow_indent_int=\count91
\c_zero_dim=\dimen102
\c_max_dim=\dimen103
\l_tmpa_dim=\dimen104
\l_tmpb_dim=\dimen105
\g_tmpa_dim=\dimen106
\g_tmpb_dim=\dimen107
\c_zero_skip=\skip41
\c_max_skip=\skip42
\l_tmpa_skip=\skip43
\l_tmpb_skip=\skip44
\g_tmpa_skip=\skip45
\g_tmpb_skip=\skip46
\c_zero_muskip=\muskip10
\c_max_muskip=\muskip11
\l_tmpa_muskip=\muskip12
\l_tmpb_muskip=\muskip13
\g_tmpa_muskip=\muskip14
\g_tmpb_muskip=\muskip15
\l_keys_choice_int=\count92
\c__fp_leading_shift_int=\count93
\c__fp_middle_shift_int=\count94
\c__fp_trailing_shift_int=\count95
\c__fp_big_leading_shift_int=\count96
\c__fp_big_middle_shift_int=\count97
\c__fp_big_trailing_shift_int=\count98
\c__fp_Bigg_leading_shift_int=\count99
\c__fp_Bigg_middle_shift_int=\count100
\c__fp_Bigg_trailing_shift_int=\count101
\l__sort_length_int=\count102
\l__sort_min_int=\count103
\l__sort_top_int=\count104
\l__sort_max_int=\count105
\l__sort_true_max_int=\count106
\l__sort_block_int=\count107
\l__sort_begin_int=\count108
\l__sort_end_int=\count109
\l__sort_A_int=\count110
\l__sort_B_int=\count111
\l__sort_C_int=\count112
\l__tl_build_start_index_int=\count113
\l__tl_build_index_int=\count114
\l__tl_analysis_normal_int=\count115
\l__tl_analysis_index_int=\count116
\l__tl_analysis_nesting_int=\count117
\l__tl_analysis_type_int=\count118
\l__regex_internal_a_int=\count119
\l__regex_internal_b_int=\count120
\l__regex_internal_c_int=\count121
\l__regex_balance_int=\count122
\l__regex_group_level_int=\count123
\l__regex_mode_int=\count124
\c__regex_cs_in_class_mode_int=\count125
\c__regex_cs_mode_int=\count126
\l__regex_catcodes_int=\count127
\l__regex_default_catcodes_int=\count128
\c__regex_catcode_L_int=\count129
\c__regex_catcode_O_int=\count130
\c__regex_catcode_A_int=\count131
\c__regex_all_catcodes_int=\count132
\l__regex_show_lines_int=\count133
\l__regex_min_state_int=\count134
\l__regex_max_state_int=\count135
\l__regex_left_state_int=\count136
\l__regex_right_state_int=\count137
\l__regex_capturing_group_int=\count138
\l__regex_min_pos_int=\count139
\l__regex_max_pos_int=\count140
\l__regex_curr_pos_int=\count141
\l__regex_start_pos_int=\count142
\l__regex_success_pos_int=\count143
\l__regex_curr_char_int=\count144
\l__regex_curr_catcode_int=\count145
\l__regex_last_char_int=\count146
\l__regex_case_changed_char_int=\count147
\l__regex_curr_state_int=\count148
\l__regex_step_int=\count149
\l__regex_min_active_int=\count150
\l__regex_max_active_int=\count151
\l__regex_replacement_csnames_int=\count152
\l__regex_match_count_int=\count153
\l__regex_min_submatch_int=\count154
\l__regex_submatch_int=\count155
\l__regex_zeroth_submatch_int=\count156
\g__regex_trace_regex_int=\count157
\c_empty_box=\box26
\l_tmpa_box=\box27
\l_tmpb_box=\box28
\g_tmpa_box=\box29
\g_tmpb_box=\box30
\l__box_top_dim=\dimen108
\l__box_bottom_dim=\dimen109
\l__box_left_dim=\dimen110
\l__box_right_dim=\dimen111
\l__box_top_new_dim=\dimen112
\l__box_bottom_new_dim=\dimen113
\l__box_left_new_dim=\dimen114
\l_