\BOOKMARK [0][-]{title.0}{封面}{}% 1
\BOOKMARK [0][-]{toc.0}{目录}{}% 2
\BOOKMARK [0][-]{chapter.1}{绪论}{}% 3
\BOOKMARK [1][-]{section.1.1}{具体使用步骤}{chapter.1}% 4
\BOOKMARK [1][-]{section.1.2}{编译的方法}{chapter.1}% 5
\BOOKMARK [1][-]{section.1.3}{文档类型选择}{chapter.1}% 6
\BOOKMARK [0][-]{chapter.2}{模板格式说明}{}% 7
\BOOKMARK [1][-]{section.2.1}{文章结构}{chapter.2}% 8
\BOOKMARK [1][-]{section.2.2}{更新记录}{chapter.2}% 9
\BOOKMARK [1][-]{section.2.3}{字体调节}{chapter.2}% 10
\BOOKMARK [1][-]{section.2.4}{字号调节}{chapter.2}% 11
\BOOKMARK [1][-]{section.2.5}{标点符号的问题}{chapter.2}% 12
\BOOKMARK [1][-]{section.2.6}{引用的问题}{chapter.2}% 13
\BOOKMARK [2][-]{subsection.2.6.1}{参考文献的引用}{section.2.6}% 14
\BOOKMARK [2][-]{subsection.2.6.2}{定理和公式的引用}{section.2.6}% 15
\BOOKMARK [1][-]{section.2.7}{图形与表格}{chapter.2}% 16
\BOOKMARK [0][-]{chapter.3}{其他事项}{}% 17
\BOOKMARK [0][-]{chapter*.6}{结束语\(或致谢\)}{}% 18
\BOOKMARK [0][-]{section*.7}{参考文献}{}% 19
\BOOKMARK [0][-]{appendix.A}{测试}{}% 20
\BOOKMARK [1][-]{section.A.1}{第一个测试}{appendix.A}% 21
\BOOKMARK [0][-]{appendix.B}{源代码}{}% 22
\BOOKMARK [1][-]{section.B.1}{第一部分代码}{appendix.B}% 23
